<?xml version="1.0" encoding="UTF-8"?>
<!-- Generated by org.testng.reporters.JUnitXMLReporter -->
<testsuite ignored="0" hostname="LAPTOP-NA58COL7" failures="0" tests="1" name="Test" time="0.061" errors="0" timestamp="2025-12-15T19:07:05 IST">
  <testcase classname="practiecs.Baseclass" name="@BeforeClass setup" time="-1.765805825551E9">
    <failure type="org.testng.TestNGException" message="
Parameter &amp;apos;browser&amp;apos; is required by BeforeClass on method setup but has not been marked @Optional or defined
in C:\Users\K Gouthami\eclipse-workspace\durgasirclasses\durgasirclasses\selemiumproject\Cucumber\testng.xml">
      <![CDATA[org.testng.TestNGException: 
Parameter 'browser' is required by BeforeClass on method setup but has not been marked @Optional or defined
in C:\Users\K Gouthami\eclipse-workspace\durgasirclasses\durgasirclasses\selemiumproject\Cucumber\testng.xml
at java.base/java.util.ArrayList.forEach(ArrayList.java:1596)
... Removed 22 stack frames]]>
    </failure>
  </testcase> <!-- @BeforeClass setup -->
  <testcase classname="practiecs.Baseclass" name="@AfterClass teardown" time="0.0">
    <skipped/>
  </testcase> <!-- @AfterClass teardown -->
  <testcase classname="tests.Searchfunctionality" name="searching" time="0.0">
    <skipped/>
  </testcase> <!-- searching -->
</testsuite> <!-- Test -->
