<?xml version="1.0" encoding="UTF-8"?>
<!-- Generated by org.testng.reporters.JUnitXMLReporter -->
<testsuite ignored="0" hostname="LAPTOP-NA58COL7" failures="2" tests="2" name="Test" time="0.071" errors="0" timestamp="2025-11-09T11:05:27 IST">
  <testcase classname="tests.Test_002registration" name="regusrtation" time="0.013">
    <failure type="java.lang.NullPointerException" message="Cannot invoke &amp;quot;org.openqa.selenium.WebElement.click()&amp;quot; because &amp;quot;this.myaccount&amp;quot; is null">
      <![CDATA[java.lang.NullPointerException: Cannot invoke "org.openqa.selenium.WebElement.click()" because "this.myaccount" is null
at pages.Homepage.myaccount(Homepage.java:18)
at tests.Test_002registration.regusrtation(Test_002registration.java:14)
at java.base/java.util.ArrayList.forEach(ArrayList.java:1596)
... Removed 29 stack frames]]>
    </failure>
  </testcase> <!-- regusrtation -->
  <testcase classname="tests.Test_001login" name="login" time="0.002">
    <failure type="java.lang.NullPointerException" message="Cannot invoke &amp;quot;org.openqa.selenium.WebElement.click()&amp;quot; because &amp;quot;this.myaccount&amp;quot; is null">
      <![CDATA[java.lang.NullPointerException: Cannot invoke "org.openqa.selenium.WebElement.click()" because "this.myaccount" is null
at pages.Homepage.myaccount(Homepage.java:18)
at tests.Test_001login.login(Test_001login.java:14)
at java.base/java.util.ArrayList.forEach(ArrayList.java:1596)
... Removed 29 stack frames]]>
    </failure>
  </testcase> <!-- login -->
</testsuite> <!-- Test -->
