<?xml version="1.0" encoding="UTF-8"?>
<testng-results ignored="0" total="3" passed="3" failed="0" skipped="0">
  <reporter-output>
  </reporter-output>
  <suite started-at="2025-12-12T12:54:19 IST" name="Suite" finished-at="2025-12-12T12:54:44 IST" duration-ms="25427">
    <groups>
    </groups>
    <test started-at="2025-12-12T12:54:19 IST" name="facebook-chrome" finished-at="2025-12-12T12:54:25 IST" duration-ms="5929">
      <class name="practice.Dynamicwebtable">
        <test-method is-config="true" signature="setup(java.lang.String)[pri:0, instance:practice.Dynamicwebtable@3bd82cf5]" started-at="2025-12-12T12:54:19 IST" name="setup" finished-at="2025-12-12T12:54:24 IST" duration-ms="5563" status="PASS">
          <params>
            <param index="0">
              <value>
                <![CDATA[Chrome]]>
              </value>
            </param>
          </params>
          <reporter-output>
          </reporter-output>
        </test-method> <!-- setup -->
        <test-method signature="login()[pri:0, instance:practice.Dynamicwebtable@3bd82cf5]" started-at="2025-12-12T12:54:24 IST" name="login" finished-at="2025-12-12T12:54:25 IST" duration-ms="320" status="PASS">
          <reporter-output>
          </reporter-output>
        </test-method> <!-- login -->
      </class> <!-- practice.Dynamicwebtable -->
    </test> <!-- facebook-chrome -->
    <test started-at="2025-12-12T12:54:25 IST" name="facebook-edge" finished-at="2025-12-12T12:54:30 IST" duration-ms="5531">
      <class name="practice.Dynamicwebtable">
        <test-method is-config="true" signature="setup(java.lang.String)[pri:0, instance:practice.Dynamicwebtable@5c671d7f]" started-at="2025-12-12T12:54:25 IST" name="setup" finished-at="2025-12-12T12:54:30 IST" duration-ms="5224" status="PASS">
          <params>
            <param index="0">
              <value>
                <![CDATA[Edge]]>
              </value>
            </param>
          </params>
          <reporter-output>
          </reporter-output>
        </test-method> <!-- setup -->
        <test-method signature="login()[pri:0, instance:practice.Dynamicwebtable@5c671d7f]" started-at="2025-12-12T12:54:30 IST" name="login" finished-at="2025-12-12T12:54:30 IST" duration-ms="302" status="PASS">
          <reporter-output>
          </reporter-output>
        </test-method> <!-- login -->
      </class> <!-- practice.Dynamicwebtable -->
    </test> <!-- facebook-edge -->
    <test started-at="2025-12-12T12:54:30 IST" name="facebook-firefox" finished-at="2025-12-12T12:54:44 IST" duration-ms="13897">
      <class name="practice.Dynamicwebtable">
        <test-method is-config="true" signature="setup(java.lang.String)[pri:0, instance:practice.Dynamicwebtable@687e99d8]" started-at="2025-12-12T12:54:30 IST" name="setup" finished-at="2025-12-12T12:54:39 IST" duration-ms="8550" status="PASS">
          <params>
            <param index="0">
              <value>
                <![CDATA[Firefox]]>
              </value>
            </param>
          </params>
          <reporter-output>
          </reporter-output>
        </test-method> <!-- setup -->
        <test-method signature="login()[pri:0, instance:practice.Dynamicwebtable@687e99d8]" started-at="2025-12-12T12:54:39 IST" name="login" finished-at="2025-12-12T12:54:44 IST" duration-ms="5343" status="PASS">
          <reporter-output>
          </reporter-output>
        </test-method> <!-- login -->
      </class> <!-- practice.Dynamicwebtable -->
    </test> <!-- facebook-firefox -->
  </suite> <!-- Suite -->
</testng-results>
