<?xml version="1.0" encoding="UTF-8"?>
<testng-results ignored="0" total="2" passed="2" failed="0" skipped="0">
  <reporter-output>
  </reporter-output>
  <suite started-at="2025-12-15T19:10:30 IST" name="Suite" finished-at="2025-12-15T19:10:45 IST" duration-ms="14307">
    <groups>
    </groups>
    <test started-at="2025-12-15T19:10:30 IST" name="chromeTest" finished-at="2025-12-15T19:10:39 IST" duration-ms="8437">
      <class name="tests.Searchfunctionality">
        <test-method is-config="true" signature="setup(java.lang.String)[pri:0, instance:tests.Searchfunctionality@2de23121]" started-at="2025-12-15T19:10:30 IST" name="setup" finished-at="2025-12-15T19:10:38 IST" duration-ms="8023" status="PASS">
          <params>
            <param index="0">
              <value>
                <![CDATA[chrome]]>
              </value>
            </param>
          </params>
          <reporter-output>
          </reporter-output>
        </test-method> <!-- setup -->
        <test-method signature="searching()[pri:0, instance:tests.Searchfunctionality@2de23121]" started-at="2025-12-15T19:10:38 IST" name="searching" finished-at="2025-12-15T19:10:39 IST" duration-ms="169" status="PASS">
          <reporter-output>
          </reporter-output>
        </test-method> <!-- searching -->
        <test-method is-config="true" signature="teardown()[pri:0, instance:tests.Searchfunctionality@2de23121]" started-at="2025-12-15T19:10:39 IST" name="teardown" finished-at="2025-12-15T19:10:39 IST" duration-ms="176" status="PASS">
          <reporter-output>
          </reporter-output>
        </test-method> <!-- teardown -->
      </class> <!-- tests.Searchfunctionality -->
    </test> <!-- chromeTest -->
    <test started-at="2025-12-15T19:10:39 IST" name="edgeTest" finished-at="2025-12-15T19:10:45 IST" duration-ms="5808">
      <class name="tests.Searchfunctionality">
        <test-method is-config="true" signature="setup(java.lang.String)[pri:0, instance:tests.Searchfunctionality@424e1977]" started-at="2025-12-15T19:10:39 IST" name="setup" finished-at="2025-12-15T19:10:44 IST" duration-ms="5453" status="PASS">
          <params>
            <param index="0">
              <value>
                <![CDATA[edge]]>
              </value>
            </param>
          </params>
          <reporter-output>
          </reporter-output>
        </test-method> <!-- setup -->
        <test-method signature="searching()[pri:0, instance:tests.Searchfunctionality@424e1977]" started-at="2025-12-15T19:10:44 IST" name="searching" finished-at="2025-12-15T19:10:44 IST" duration-ms="151" status="PASS">
          <reporter-output>
          </reporter-output>
        </test-method> <!-- searching -->
        <test-method is-config="true" signature="teardown()[pri:0, instance:tests.Searchfunctionality@424e1977]" started-at="2025-12-15T19:10:44 IST" name="teardown" finished-at="2025-12-15T19:10:45 IST" duration-ms="199" status="PASS">
          <reporter-output>
          </reporter-output>
        </test-method> <!-- teardown -->
      </class> <!-- tests.Searchfunctionality -->
    </test> <!-- edgeTest -->
  </suite> <!-- Suite -->
</testng-results>
