<?xml version="1.0" encoding="UTF-8"?>
<!-- Generated by org.testng.reporters.JUnitReportReporter -->
<testsuite hostname="LAPTOP-NA58COL7" failures="0" tests="3" name="practice.Dynamicwebtable" time="5.965" errors="0" timestamp="2025-12-12T12:54:44 IST" skipped="0">
  <testcase classname="practice.Dynamicwebtable" name="login" time="0.320"/>
  <testcase classname="practice.Dynamicwebtable" name="login" time="0.302"/>
  <testcase classname="practice.Dynamicwebtable" name="login" time="5.343"/>
</testsuite> <!-- practice.Dynamicwebtable -->
