<?xml version="1.0" encoding="UTF-8"?>
<!-- Generated by org.testng.reporters.JUnitReportReporter -->
<testsuite hostname="LAPTOP-NA58COL7" failures="0" tests="3" name="practice.Dynamicwebtable" time="6.107" errors="0" timestamp="2025-12-15T19:03:16 IST" skipped="0">
  <testcase classname="practice.Dynamicwebtable" name="login" time="0.281"/>
  <testcase classname="practice.Dynamicwebtable" name="login" time="0.313"/>
  <testcase classname="practice.Dynamicwebtable" name="login" time="5.513"/>
</testsuite> <!-- practice.Dynamicwebtable -->
